<?xml version="1.0" encoding="UTF-8"?>
<!-- Generated by org.testng.reporters.JUnitXMLReporter -->
<testsuite ignored="10" hostname="Anitha" failures="3" tests="3" name="Test" time="5.643" errors="0" timestamp="2023-10-26T15:31:47 BST">
  <testcase classname="tv.Samsong_Test" name="account" time="3.155">
    <failure type="org.openqa.selenium.SessionNotCreatedException" message="session not created: This version of ChromeDriver only supports Chrome version 116
Current browser version is 118.0.5993.89 with binary path C:\Program Files\Google\Chrome\Application\chrome.exe
Build info: version: &amp;apos;3.141.59&amp;apos;, revision: &amp;apos;e82be7d358&amp;apos;, time: &amp;apos;2018-11-14T08:17:03&amp;apos;
System info: host: &amp;apos;ANITHA&amp;apos;, ip: &amp;apos;192.168.4.22&amp;apos;, os.name: &amp;apos;Windows 11&amp;apos;, os.arch: &amp;apos;amd64&amp;apos;, os.version: &amp;apos;10.0&amp;apos;, java.version: &amp;apos;20.0.1&amp;apos;
Driver info: driver.version: ChromeDriver
remote stacktrace: 	GetHandleVerifier [0x00A037C3+48947]
	(No symbol) [0x00998551]
	(No symbol) [0x0089C92D]
	(No symbol) [0x008BF180]
	(No symbol) [0x008BB178]
	(No symbol) [0x008B950E]
	(No symbol) [0x008EB840]
	(No symbol) [0x008EB3CC]
	(No symbol) [0x008E4E86]
	(No symbol) [0x008C16C7]
	(No symbol) [0x008C284D]
	GetHandleVerifier [0x00C4FDF9+2458985]
	GetHandleVerifier [0x00C9744F+2751423]
	GetHandleVerifier [0x00C91361+2726609]
	GetHandleVerifier [0x00A80680+560624]
	(No symbol) [0x009A238C]
	(No symbol) [0x0099E268]
	(No symbol) [0x0099E392]
	(No symbol) [0x009910B7]
	BaseThreadInitThunk [0x758C7D59+25]
	RtlInitializeExceptionChain [0x7702B74B+107]
	RtlClearBits [0x7702B6CF+191]
">
      <![CDATA[org.openqa.selenium.SessionNotCreatedException: session not created: This version of ChromeDriver only supports Chrome version 116
Current browser version is 118.0.5993.89 with binary path C:\Program Files\Google\Chrome\Application\chrome.exe
Build info: version: '3.141.59', revision: 'e82be7d358', time: '2018-11-14T08:17:03'
System info: host: 'ANITHA', ip: '192.168.4.22', os.name: 'Windows 11', os.arch: 'amd64', os.version: '10.0', java.version: '20.0.1'
Driver info: driver.version: ChromeDriver
remote stacktrace: GetHandleVerifier [0x00A037C3+48947]
(No symbol) [0x00998551]
(No symbol) [0x0089C92D]
(No symbol) [0x008BF180]
(No symbol) [0x008BB178]
(No symbol) [0x008B950E]
(No symbol) [0x008EB840]
(No symbol) [0x008EB3CC]
(No symbol) [0x008E4E86]
(No symbol) [0x008C16C7]
(No symbol) [0x008C284D]
GetHandleVerifier [0x00C4FDF9+2458985]
GetHandleVerifier [0x00C9744F+2751423]
GetHandleVerifier [0x00C91361+2726609]
GetHandleVerifier [0x00A80680+560624]
(No symbol) [0x009A238C]
(No symbol) [0x0099E268]
(No symbol) [0x0099E392]
(No symbol) [0x009910B7]
BaseThreadInitThunk [0x758C7D59+25]
RtlInitializeExceptionChain [0x7702B74B+107]
RtlClearBits [0x7702B6CF+191]

at org.openqa.selenium.remote.W3CHandshakeResponse.lambda$errorHandler$0(W3CHandshakeResponse.java:62)
at org.openqa.selenium.remote.HandshakeResponse.lambda$getResponseFunction$0(HandshakeResponse.java:30)
at org.openqa.selenium.remote.ProtocolHandshake.lambda$createSession$0(ProtocolHandshake.java:126)
at java.base/java.util.stream.ReferencePipeline$3$1.accept(ReferencePipeline.java:197)
at java.base/java.util.Spliterators$ArraySpliterator.tryAdvance(Spliterators.java:1016)
at java.base/java.util.stream.ReferencePipeline.forEachWithCancel(ReferencePipeline.java:129)
at java.base/java.util.stream.AbstractPipeline.copyIntoWithCancel(AbstractPipeline.java:527)
at java.base/java.util.stream.AbstractPipeline.copyInto(AbstractPipeline.java:513)
at java.base/java.util.stream.AbstractPipeline.wrapAndCopyInto(AbstractPipeline.java:499)
at java.base/java.util.stream.FindOps$FindOp.evaluateSequential(FindOps.java:150)
at java.base/java.util.stream.AbstractPipeline.evaluate(AbstractPipeline.java:234)
at java.base/java.util.stream.ReferencePipeline.findFirst(ReferencePipeline.java:647)
at org.openqa.selenium.remote.ProtocolHandshake.createSession(ProtocolHandshake.java:128)
at org.openqa.selenium.remote.ProtocolHandshake.createSession(ProtocolHandshake.java:74)
at org.openqa.selenium.remote.HttpCommandExecutor.execute(HttpCommandExecutor.java:136)
at org.openqa.selenium.remote.service.DriverCommandExecutor.execute(DriverCommandExecutor.java:83)
at org.openqa.selenium.remote.RemoteWebDriver.execute(RemoteWebDriver.java:552)
at org.openqa.selenium.remote.RemoteWebDriver.startSession(RemoteWebDriver.java:213)
at org.openqa.selenium.remote.RemoteWebDriver.<init>(RemoteWebDriver.java:131)
at org.openqa.selenium.chrome.ChromeDriver.<init>(ChromeDriver.java:181)
at org.openqa.selenium.chrome.ChromeDriver.<init>(ChromeDriver.java:168)
at org.openqa.selenium.chrome.ChromeDriver.<init>(ChromeDriver.java:123)
at tv.Samsong_Test.account(Samsong_Test.java:12)
at java.base/java.util.ArrayList.forEach(ArrayList.java:1511)
... Removed 28 stack frames]]>
    </failure>
  </testcase> <!-- account -->
  <testcase classname="tv.LG_Test" name="account" time="1.089">
    <failure type="org.openqa.selenium.SessionNotCreatedException" message="session not created: This version of ChromeDriver only supports Chrome version 116
Current browser version is 118.0.5993.89 with binary path C:\Program Files\Google\Chrome\Application\chrome.exe
Build info: version: &amp;apos;3.141.59&amp;apos;, revision: &amp;apos;e82be7d358&amp;apos;, time: &amp;apos;2018-11-14T08:17:03&amp;apos;
System info: host: &amp;apos;ANITHA&amp;apos;, ip: &amp;apos;192.168.4.22&amp;apos;, os.name: &amp;apos;Windows 11&amp;apos;, os.arch: &amp;apos;amd64&amp;apos;, os.version: &amp;apos;10.0&amp;apos;, java.version: &amp;apos;20.0.1&amp;apos;
Driver info: driver.version: ChromeDriver
remote stacktrace: 	GetHandleVerifier [0x00A037C3+48947]
	(No symbol) [0x00998551]
	(No symbol) [0x0089C92D]
	(No symbol) [0x008BF180]
	(No symbol) [0x008BB178]
	(No symbol) [0x008B950E]
	(No symbol) [0x008EB840]
	(No symbol) [0x008EB3CC]
	(No symbol) [0x008E4E86]
	(No symbol) [0x008C16C7]
	(No symbol) [0x008C284D]
	GetHandleVerifier [0x00C4FDF9+2458985]
	GetHandleVerifier [0x00C9744F+2751423]
	GetHandleVerifier [0x00C91361+2726609]
	GetHandleVerifier [0x00A80680+560624]
	(No symbol) [0x009A238C]
	(No symbol) [0x0099E268]
	(No symbol) [0x0099E392]
	(No symbol) [0x009910B7]
	BaseThreadInitThunk [0x758C7D59+25]
	RtlInitializeExceptionChain [0x7702B74B+107]
	RtlClearBits [0x7702B6CF+191]
">
      <![CDATA[org.openqa.selenium.SessionNotCreatedException: session not created: This version of ChromeDriver only supports Chrome version 116
Current browser version is 118.0.5993.89 with binary path C:\Program Files\Google\Chrome\Application\chrome.exe
Build info: version: '3.141.59', revision: 'e82be7d358', time: '2018-11-14T08:17:03'
System info: host: 'ANITHA', ip: '192.168.4.22', os.name: 'Windows 11', os.arch: 'amd64', os.version: '10.0', java.version: '20.0.1'
Driver info: driver.version: ChromeDriver
remote stacktrace: GetHandleVerifier [0x00A037C3+48947]
(No symbol) [0x00998551]
(No symbol) [0x0089C92D]
(No symbol) [0x008BF180]
(No symbol) [0x008BB178]
(No symbol) [0x008B950E]
(No symbol) [0x008EB840]
(No symbol) [0x008EB3CC]
(No symbol) [0x008E4E86]
(No symbol) [0x008C16C7]
(No symbol) [0x008C284D]
GetHandleVerifier [0x00C4FDF9+2458985]
GetHandleVerifier [0x00C9744F+2751423]
GetHandleVerifier [0x00C91361+2726609]
GetHandleVerifier [0x00A80680+560624]
(No symbol) [0x009A238C]
(No symbol) [0x0099E268]
(No symbol) [0x0099E392]
(No symbol) [0x009910B7]
BaseThreadInitThunk [0x758C7D59+25]
RtlInitializeExceptionChain [0x7702B74B+107]
RtlClearBits [0x7702B6CF+191]

at org.openqa.selenium.remote.W3CHandshakeResponse.lambda$errorHandler$0(W3CHandshakeResponse.java:62)
at org.openqa.selenium.remote.HandshakeResponse.lambda$getResponseFunction$0(HandshakeResponse.java:30)
at org.openqa.selenium.remote.ProtocolHandshake.lambda$createSession$0(ProtocolHandshake.java:126)
at java.base/java.util.stream.ReferencePipeline$3$1.accept(ReferencePipeline.java:197)
at java.base/java.util.Spliterators$ArraySpliterator.tryAdvance(Spliterators.java:1016)
at java.base/java.util.stream.ReferencePipeline.forEachWithCancel(ReferencePipeline.java:129)
at java.base/java.util.stream.AbstractPipeline.copyIntoWithCancel(AbstractPipeline.java:527)
at java.base/java.util.stream.AbstractPipeline.copyInto(AbstractPipeline.java:513)
at java.base/java.util.stream.AbstractPipeline.wrapAndCopyInto(AbstractPipeline.java:499)
at java.base/java.util.stream.FindOps$FindOp.evaluateSequential(FindOps.java:150)
at java.base/java.util.stream.AbstractPipeline.evaluate(AbstractPipeline.java:234)
at java.base/java.util.stream.ReferencePipeline.findFirst(ReferencePipeline.java:647)
at org.openqa.selenium.remote.ProtocolHandshake.createSession(ProtocolHandshake.java:128)
at org.openqa.selenium.remote.ProtocolHandshake.createSession(ProtocolHandshake.java:74)
at org.openqa.selenium.remote.HttpCommandExecutor.execute(HttpCommandExecutor.java:136)
at org.openqa.selenium.remote.service.DriverCommandExecutor.execute(DriverCommandExecutor.java:83)
at org.openqa.selenium.remote.RemoteWebDriver.execute(RemoteWebDriver.java:552)
at org.openqa.selenium.remote.RemoteWebDriver.startSession(RemoteWebDriver.java:213)
at org.openqa.selenium.remote.RemoteWebDriver.<init>(RemoteWebDriver.java:131)
at org.openqa.selenium.chrome.ChromeDriver.<init>(ChromeDriver.java:181)
at org.openqa.selenium.chrome.ChromeDriver.<init>(ChromeDriver.java:168)
at org.openqa.selenium.chrome.ChromeDriver.<init>(ChromeDriver.java:123)
at tv.LG_Test.account(LG_Test.java:12)
at java.base/java.util.ArrayList.forEach(ArrayList.java:1511)
... Removed 28 stack frames]]>
    </failure>
  </testcase> <!-- account -->
  <testcase classname="tv.Sony_Test" name="account" time="1.344">
    <failure type="org.openqa.selenium.SessionNotCreatedException" message="session not created: This version of ChromeDriver only supports Chrome version 116
Current browser version is 118.0.5993.89 with binary path C:\Program Files\Google\Chrome\Application\chrome.exe
Build info: version: &amp;apos;3.141.59&amp;apos;, revision: &amp;apos;e82be7d358&amp;apos;, time: &amp;apos;2018-11-14T08:17:03&amp;apos;
System info: host: &amp;apos;ANITHA&amp;apos;, ip: &amp;apos;192.168.4.22&amp;apos;, os.name: &amp;apos;Windows 11&amp;apos;, os.arch: &amp;apos;amd64&amp;apos;, os.version: &amp;apos;10.0&amp;apos;, java.version: &amp;apos;20.0.1&amp;apos;
Driver info: driver.version: ChromeDriver
remote stacktrace: 	GetHandleVerifier [0x00A037C3+48947]
	(No symbol) [0x00998551]
	(No symbol) [0x0089C92D]
	(No symbol) [0x008BF180]
	(No symbol) [0x008BB178]
	(No symbol) [0x008B950E]
	(No symbol) [0x008EB840]
	(No symbol) [0x008EB3CC]
	(No symbol) [0x008E4E86]
	(No symbol) [0x008C16C7]
	(No symbol) [0x008C284D]
	GetHandleVerifier [0x00C4FDF9+2458985]
	GetHandleVerifier [0x00C9744F+2751423]
	GetHandleVerifier [0x00C91361+2726609]
	GetHandleVerifier [0x00A80680+560624]
	(No symbol) [0x009A238C]
	(No symbol) [0x0099E268]
	(No symbol) [0x0099E392]
	(No symbol) [0x009910B7]
	BaseThreadInitThunk [0x758C7D59+25]
	RtlInitializeExceptionChain [0x7702B74B+107]
	RtlClearBits [0x7702B6CF+191]
">
      <![CDATA[org.openqa.selenium.SessionNotCreatedException: session not created: This version of ChromeDriver only supports Chrome version 116
Current browser version is 118.0.5993.89 with binary path C:\Program Files\Google\Chrome\Application\chrome.exe
Build info: version: '3.141.59', revision: 'e82be7d358', time: '2018-11-14T08:17:03'
System info: host: 'ANITHA', ip: '192.168.4.22', os.name: 'Windows 11', os.arch: 'amd64', os.version: '10.0', java.version: '20.0.1'
Driver info: driver.version: ChromeDriver
remote stacktrace: GetHandleVerifier [0x00A037C3+48947]
(No symbol) [0x00998551]
(No symbol) [0x0089C92D]
(No symbol) [0x008BF180]
(No symbol) [0x008BB178]
(No symbol) [0x008B950E]
(No symbol) [0x008EB840]
(No symbol) [0x008EB3CC]
(No symbol) [0x008E4E86]
(No symbol) [0x008C16C7]
(No symbol) [0x008C284D]
GetHandleVerifier [0x00C4FDF9+2458985]
GetHandleVerifier [0x00C9744F+2751423]
GetHandleVerifier [0x00C91361+2726609]
GetHandleVerifier [0x00A80680+560624]
(No symbol) [0x009A238C]
(No symbol) [0x0099E268]
(No symbol) [0x0099E392]
(No symbol) [0x009910B7]
BaseThreadInitThunk [0x758C7D59+25]
RtlInitializeExceptionChain [0x7702B74B+107]
RtlClearBits [0x7702B6CF+191]

at org.openqa.selenium.remote.W3CHandshakeResponse.lambda$errorHandler$0(W3CHandshakeResponse.java:62)
at org.openqa.selenium.remote.HandshakeResponse.lambda$getResponseFunction$0(HandshakeResponse.java:30)
at org.openqa.selenium.remote.ProtocolHandshake.lambda$createSession$0(ProtocolHandshake.java:126)
at java.base/java.util.stream.ReferencePipeline$3$1.accept(ReferencePipeline.java:197)
at java.base/java.util.Spliterators$ArraySpliterator.tryAdvance(Spliterators.java:1016)
at java.base/java.util.stream.ReferencePipeline.forEachWithCancel(ReferencePipeline.java:129)
at java.base/java.util.stream.AbstractPipeline.copyIntoWithCancel(AbstractPipeline.java:527)
at java.base/java.util.stream.AbstractPipeline.copyInto(AbstractPipeline.java:513)
at java.base/java.util.stream.AbstractPipeline.wrapAndCopyInto(AbstractPipeline.java:499)
at java.base/java.util.stream.FindOps$FindOp.evaluateSequential(FindOps.java:150)
at java.base/java.util.stream.AbstractPipeline.evaluate(AbstractPipeline.java:234)
at java.base/java.util.stream.ReferencePipeline.findFirst(ReferencePipeline.java:647)
at org.openqa.selenium.remote.ProtocolHandshake.createSession(ProtocolHandshake.java:128)
at org.openqa.selenium.remote.ProtocolHandshake.createSession(ProtocolHandshake.java:74)
at org.openqa.selenium.remote.HttpCommandExecutor.execute(HttpCommandExecutor.java:136)
at org.openqa.selenium.remote.service.DriverCommandExecutor.execute(DriverCommandExecutor.java:83)
at org.openqa.selenium.remote.RemoteWebDriver.execute(RemoteWebDriver.java:552)
at org.openqa.selenium.remote.RemoteWebDriver.startSession(RemoteWebDriver.java:213)
at org.openqa.selenium.remote.RemoteWebDriver.<init>(RemoteWebDriver.java:131)
at org.openqa.selenium.chrome.ChromeDriver.<init>(ChromeDriver.java:181)
at org.openqa.selenium.chrome.ChromeDriver.<init>(ChromeDriver.java:168)
at org.openqa.selenium.chrome.ChromeDriver.<init>(ChromeDriver.java:123)
at tv.Sony_Test.account(Sony_Test.java:12)
at java.base/java.util.ArrayList.forEach(ArrayList.java:1511)
... Removed 28 stack frames]]>
    </failure>
  </testcase> <!-- account -->
  <testcase classname="accounts.TC_Accounts_SA_001_Test" name="account" time="0.0">
    <ignored/>
  </testcase> <!-- account -->
  <testcase classname="generic.TC_App_Test" name="testLogin1" time="0.0">
    <ignored/>
  </testcase> <!-- testLogin1 -->
  <testcase classname="login.TC_Login_001_Test" name="account" time="0.0">
    <ignored/>
  </testcase> <!-- account -->
  <testcase classname="login.TC_Watchs_Test" name="account" time="0.0">
    <ignored/>
  </testcase> <!-- account -->
  <testcase classname="generic.ReadData_Test" name="registerUser" time="0.0">
    <ignored/>
  </testcase> <!-- registerUser -->
  <testcase classname="accounts.TC_Titan_Test" name="account" time="0.0">
    <ignored/>
  </testcase> <!-- account -->
  <testcase classname="login.TC_JohnLevis_Test" name="login" time="0.0">
    <ignored/>
  </testcase> <!-- login -->
  <testcase classname="Anitha.Sample_Test_001" name="SampleDemo" time="0.0">
    <ignored/>
  </testcase> <!-- SampleDemo -->
  <testcase classname="generic.TC_App_Test" name="testLogin2" time="0.0">
    <ignored/>
  </testcase> <!-- testLogin2 -->
  <testcase classname="generic.TC_Login_Test" name="lohin_Test" time="0.0">
    <ignored/>
  </testcase> <!-- lohin_Test -->
</testsuite> <!-- Test -->
